
> rest-express@1.0.0 dev
> cross-env NODE_OPTIONS=--max-old-space-size=8192 NODE_ENV=development tsx server/index.ts


≡ƒÜÇ Server ready!
≡ƒô▒ Local:   http://localhost:5002
≡ƒîÉ Network: http://localhost:5002

≡ƒæå Click the link above to open your app

12:29:56 PM [express] serving on port 5002
Browserslist: browsers data (caniuse-lite) is 16 months old. Please run:
  npx update-browserslist-db@latest
  Why you should do it regularly: https://github.com/browserslist/update-db#readme
12:31:09 PM [express] GET /api/exchange-rates 304 in 107ms :: [{"id":"af90a119-2eae-4f71-97ad-4a61b18ΓÇª
12:31:09 PM [express] GET /api/brands 304 in 118ms :: [{"id":"6bb7431b-5ede-43ad-a6f7-bd200c4bf44e","ΓÇª
12:31:09 PM [express] GET /api/site-settings/heroImage 304 in 122ms :: {"key":"heroImage","value":"htΓÇª
12:31:09 PM [express] GET /api/auth/user 304 in 165ms :: {"id":"d97ed484-de4b-4d4f-98ac-98792b65b326"ΓÇª
12:31:09 PM [express] GET /api/currencies 304 in 48ms :: [{"id":"49f371ad-1f9e-4abd-927d-fb8f129f1e15ΓÇª
12:31:10 PM [express] GET /api/orders/drafts 304 in 126ms :: [{"id":"b0ffbc3b-f6b3-491e-ad46-68b504a0ΓÇª
12:31:19 PM [express] GET /api/size-charts 304 in 146ms :: [{"id":"31248b92-b74f-44e6-a989-be15911a8eΓÇª
≡ƒôª Pre-Order Async Upload: Starting job for Adidas FW26(1) - Copy.xlsx (21.13 MB)
≡ƒôï Job created: e1b56e46-c8c1-4529-9064-72e72f0afedf for Adidas FW26(1) - Copy.xlsx
≡ƒöä Processing job e1b56e46-c8c1-4529-9064-72e72f0afedf: Adidas FW26(1) - Copy.xlsx
≡ƒôè Job e1b56e46-c8c1-4529-9064-72e72f0afedf: extracting - 5% - Reading Excel file...
≡ƒôè Using streaming Excel parser for memory efficiency...
≡ƒôè Excel: using streaming parser (21.13 MB)...
12:32:16 PM [express] POST /api/preorder/upload/start 200 in 44231ms :: {"jobId":"e1b56e46-c8c1-4529-ΓÇª
12:32:18 PM [express] GET /api/preorder/jobs/e1b56e46-c8c1-4529-9064-72e72f0afedf 200 in 135ms :: {"iΓÇª
≡ƒôè Job e1b56e46-c8c1-4529-9064-72e72f0afedf: extracting - 6% - Reading rows... 2,954 read
12:32:21 PM [express] GET /api/preorder/jobs/e1b56e46-c8c1-4529-9064-72e72f0afedf 200 in 31ms :: {"idΓÇª
≡ƒôè Job e1b56e46-c8c1-4529-9064-72e72f0afedf: extracting - 8% - Reading rows... 5,908 read
≡ƒôè Job e1b56e46-c8c1-4529-9064-72e72f0afedf: extracting - 10% - Reading rows... 8,862 read
≡ƒôè Job e1b56e46-c8c1-4529-9064-72e72f0afedf: extracting - 11% - Reading rows... 11,816 read
≡ƒôè Job e1b56e46-c8c1-4529-9064-72e72f0afedf: extracting - 13% - Reading rows... 14,770 read
≡ƒôè Job e1b56e46-c8c1-4529-9064-72e72f0afedf: extracting - 15% - Reading rows... 17,724 read
≡ƒôè Job e1b56e46-c8c1-4529-9064-72e72f0afedf: extracting - 16% - Reading rows... 20,678 read
≡ƒôè Job e1b56e46-c8c1-4529-9064-72e72f0afedf: extracting - 18% - Reading rows... 23,632 read
≡ƒôè Job e1b56e46-c8c1-4529-9064-72e72f0afedf: extracting - 20% - Reading rows... 26,586 read
≡ƒôè Job e1b56e46-c8c1-4529-9064-72e72f0afedf: extracting - 21% - Reading rows... 29,540 read
≡ƒôè Job e1b56e46-c8c1-4529-9064-72e72f0afedf: extracting - 23% - Reading rows... 32,494 read
≡ƒôè Job e1b56e46-c8c1-4529-9064-72e72f0afedf: extracting - 25% - Reading rows... 35,448 read
≡ƒôè Job e1b56e46-c8c1-4529-9064-72e72f0afedf: extracting - 27% - Reading rows... 38,402 read
≡ƒôè Job e1b56e46-c8c1-4529-9064-72e72f0afedf: extracting - 28% - Reading rows... 41,356 read
≡ƒôè Job e1b56e46-c8c1-4529-9064-72e72f0afedf: extracting - 30% - Reading rows... 44,310 read
≡ƒôè Job e1b56e46-c8c1-4529-9064-72e72f0afedf: extracting - 32% - Reading rows... 47,264 read
≡ƒôè Job e1b56e46-c8c1-4529-9064-72e72f0afedf: extracting - 33% - Reading rows... 50,218 read
≡ƒôè Job e1b56e46-c8c1-4529-9064-72e72f0afedf: extracting - 35% - Reading rows... 53,172 read
≡ƒôè Job e1b56e46-c8c1-4529-9064-72e72f0afedf: extracting - 37% - Reading rows... 56,126 read
≡ƒôè Job e1b56e46-c8c1-4529-9064-72e72f0afedf: extracting - 38% - Reading rows... 59,080 read
≡ƒôè Job e1b56e46-c8c1-4529-9064-72e72f0afedf: extracting - 40% - Reading rows... 62,034 read
12:32:36 PM [express] GET /api/preorder/jobs/e1b56e46-c8c1-4529-9064-72e72f0afedf 200 in 31ms :: {"idΓÇª
≡ƒôè Job e1b56e46-c8c1-4529-9064-72e72f0afedf: extracting - 42% - Reading rows... 64,988 read
12:32:36 PM [express] GET /api/preorder/jobs/e1b56e46-c8c1-4529-9064-72e72f0afedf 200 in 33ms :: {"idΓÇª
12:32:36 PM [express] GET /api/preorder/jobs/e1b56e46-c8c1-4529-9064-72e72f0afedf 200 in 30ms :: {"idΓÇª
≡ƒôè Job e1b56e46-c8c1-4529-9064-72e72f0afedf: extracting - 44% - Reading rows... 67,942 read
12:32:37 PM [express] GET /api/preorder/jobs/e1b56e46-c8c1-4529-9064-72e72f0afedf 200 in 31ms :: {"idΓÇª
≡ƒôè Job e1b56e46-c8c1-4529-9064-72e72f0afedf: extracting - 45% - Reading rows... 70,896 read
≡ƒôè Job e1b56e46-c8c1-4529-9064-72e72f0afedf: extracting - 47% - Reading rows... 73,850 read
≡ƒôè Job e1b56e46-c8c1-4529-9064-72e72f0afedf: extracting - 49% - Reading rows... 76,804 read
12:32:38 PM [express] GET /api/preorder/jobs/e1b56e46-c8c1-4529-9064-72e72f0afedf 200 in 29ms :: {"idΓÇª
≡ƒôè Job e1b56e46-c8c1-4529-9064-72e72f0afedf: extracting - 50% - Reading rows... 79,758 read
12:32:38 PM [express] GET /api/preorder/jobs/e1b56e46-c8c1-4529-9064-72e72f0afedf 200 in 33ms :: {"idΓÇª
12:32:38 PM [express] GET /api/preorder/jobs/e1b56e46-c8c1-4529-9064-72e72f0afedf 200 in 34ms :: {"idΓÇª
≡ƒôè Job e1b56e46-c8c1-4529-9064-72e72f0afedf: extracting - 52% - Reading rows... 82,712 read
12:32:38 PM [express] GET /api/preorder/jobs/e1b56e46-c8c1-4529-9064-72e72f0afedf 200 in 33ms :: {"idΓÇª
12:32:39 PM [express] GET /api/preorder/jobs/e1b56e46-c8c1-4529-9064-72e72f0afedf 200 in 33ms :: {"idΓÇª
≡ƒôè Job e1b56e46-c8c1-4529-9064-72e72f0afedf: extracting - 54% - Reading rows... 85,666 read
12:32:39 PM [express] GET /api/preorder/jobs/e1b56e46-c8c1-4529-9064-72e72f0afedf 200 in 30ms :: {"idΓÇª
12:32:39 PM [express] GET /api/preorder/jobs/e1b56e46-c8c1-4529-9064-72e72f0afedf 200 in 30ms :: {"idΓÇª
≡ƒôè Job e1b56e46-c8c1-4529-9064-72e72f0afedf: extracting - 55% - Reading rows... 88,620 read
12:32:39 PM [express] GET /api/preorder/jobs/e1b56e46-c8c1-4529-9064-72e72f0afedf 200 in 29ms :: {"idΓÇª
12:32:39 PM [express] GET /api/preorder/jobs/e1b56e46-c8c1-4529-9064-72e72f0afedf 200 in 29ms :: {"idΓÇª
12:32:39 PM [express] GET /api/preorder/jobs/e1b56e46-c8c1-4529-9064-72e72f0afedf 200 in 32ms :: {"idΓÇª
12:32:39 PM [express] GET /api/preorder/jobs/e1b56e46-c8c1-4529-9064-72e72f0afedf 200 in 33ms :: {"idΓÇª
12:32:39 PM [express] GET /api/preorder/jobs/e1b56e46-c8c1-4529-9064-72e72f0afedf 200 in 32ms :: {"idΓÇª
12:32:39 PM [express] GET /api/preorder/jobs/e1b56e46-c8c1-4529-9064-72e72f0afedf 200 in 27ms :: {"idΓÇª
≡ƒôè Job e1b56e46-c8c1-4529-9064-72e72f0afedf: extracting - 57% - Reading rows... 91,574 read
12:32:40 PM [express] GET /api/preorder/jobs/e1b56e46-c8c1-4529-9064-72e72f0afedf 200 in 28ms :: {"idΓÇª
12:32:40 PM [express] GET /api/preorder/jobs/e1b56e46-c8c1-4529-9064-72e72f0afedf 200 in 37ms :: {"idΓÇª
12:32:40 PM [express] GET /api/preorder/jobs/e1b56e46-c8c1-4529-9064-72e72f0afedf 200 in 32ms :: {"idΓÇª
12:32:40 PM [express] GET /api/preorder/jobs/e1b56e46-c8c1-4529-9064-72e72f0afedf 200 in 32ms :: {"idΓÇª
≡ƒôè Job e1b56e46-c8c1-4529-9064-72e72f0afedf: extracting - 59% - Reading rows... 94,528 read
≡ƒôè Job e1b56e46-c8c1-4529-9064-72e72f0afedf: extracting - 61% - Reading rows... 97,482 read
12:32:40 PM [express] GET /api/preorder/jobs/e1b56e46-c8c1-4529-9064-72e72f0afedf 200 in 30ms :: {"idΓÇª
≡ƒôè Job e1b56e46-c8c1-4529-9064-72e72f0afedf: extracting - 62% - Reading rows... 100,436 read
≡ƒôè Job e1b56e46-c8c1-4529-9064-72e72f0afedf: extracting - 64% - Reading rows... 103,390 read
12:32:41 PM [express] GET /api/preorder/jobs/e1b56e46-c8c1-4529-9064-72e72f0afedf 200 in 28ms :: {"idΓÇª
≡ƒôè Job e1b56e46-c8c1-4529-9064-72e72f0afedf: extracting - 66% - Reading rows... 106,344 read
≡ƒôè Job e1b56e46-c8c1-4529-9064-72e72f0afedf: extracting - 67% - Reading rows... 109,298 read
≡ƒôè Job e1b56e46-c8c1-4529-9064-72e72f0afedf: extracting - 69% - Reading rows... 112,252 read
12:32:42 PM [express] GET /api/preorder/jobs/e1b56e46-c8c1-4529-9064-72e72f0afedf 200 in 31ms :: {"idΓÇª
≡ƒôè Job e1b56e46-c8c1-4529-9064-72e72f0afedf: extracting - 71% - Reading rows... 115,206 read
≡ƒôè Job e1b56e46-c8c1-4529-9064-72e72f0afedf: extracting - 72% - Reading rows... 118,160 read
≡ƒôè Job e1b56e46-c8c1-4529-9064-72e72f0afedf: extracting - 74% - Reading rows... 121,114 read
12:32:43 PM [express] GET /api/preorder/jobs/e1b56e46-c8c1-4529-9064-72e72f0afedf 200 in 29ms :: {"idΓÇª
≡ƒôè Job e1b56e46-c8c1-4529-9064-72e72f0afedf: extracting - 76% - Reading rows... 124,068 read
≡ƒôè Job e1b56e46-c8c1-4529-9064-72e72f0afedf: extracting - 78% - Reading rows... 127,022 read
≡ƒôè Job e1b56e46-c8c1-4529-9064-72e72f0afedf: extracting - 79% - Reading rows... 129,976 read
12:32:44 PM [express] GET /api/preorder/jobs/e1b56e46-c8c1-4529-9064-72e72f0afedf 200 in 28ms :: {"idΓÇª
≡ƒôè Job e1b56e46-c8c1-4529-9064-72e72f0afedf: extracting - 81% - Reading rows... 132,930 read
≡ƒôè Job e1b56e46-c8c1-4529-9064-72e72f0afedf: extracting - 83% - Reading rows... 135,884 read
≡ƒôè Job e1b56e46-c8c1-4529-9064-72e72f0afedf: extracting - 84% - Reading rows... 138,838 read
12:32:45 PM [express] GET /api/preorder/jobs/e1b56e46-c8c1-4529-9064-72e72f0afedf 200 in 30ms :: {"idΓÇª
≡ƒôè Job e1b56e46-c8c1-4529-9064-72e72f0afedf: extracting - 86% - Reading rows... 141,792 read
≡ƒôè Job e1b56e46-c8c1-4529-9064-72e72f0afedf: extracting - 90% - Found 142,091 rows
≡ƒôè Streaming read complete: 142091 rows, 50 preview rows
≡ƒôè Excel: 142091 rows, preview: 50 rows, images: -1
≡ƒôè Job e1b56e46-c8c1-4529-9064-72e72f0afedf: extracting - 92% - Found 142,091 rows. Detecting images...
≡ƒôè Job e1b56e46-c8c1-4529-9064-72e72f0afedf: building-preview - 95% - Saving preview data...
Γ£à Job e1b56e46-c8c1-4529-9064-72e72f0afedf completing: tempDataId=preorder_1771849966007_c89q, rows=142091, detectedImages=-1
Γ£à Job e1b56e46-c8c1-4529-9064-72e72f0afedf completed
≡ƒÄë Job e1b56e46-c8c1-4529-9064-72e72f0afedf marked complete
12:32:47 PM [express] GET /api/preorder/jobs/e1b56e46-c8c1-4529-9064-72e72f0afedf 200 in 24ms :: {"idΓÇª
≡ƒôû Set-Header: Streaming from original file (142091 total rows)
≡ƒôè Streaming Excel in 1000-row chunks (21.13 MB)...
12:32:54 PM [express] GET /api/exchange-rates 200 in 590ms :: [{"id":"af90a119-2eae-4f71-97ad-4a61b18ΓÇª
12:32:54 PM [express] GET /api/brands 200 in 402ms :: [{"id":"6bb7431b-5ede-43ad-a6f7-bd200c4bf44e","ΓÇª
12:32:54 PM [express] GET /api/site-settings/heroImage 200 in 417ms :: {"key":"heroImage","value":"htΓÇª
12:32:54 PM [express] GET /api/currencies 200 in 438ms :: [{"id":"49f371ad-1f9e-4abd-927d-fb8f129f1e1ΓÇª
12:32:54 PM [express] GET /api/auth/user 200 in 442ms :: {"id":"d97ed484-de4b-4d4f-98ac-98792b65b326"ΓÇª
12:32:55 PM [express] GET /api/orders/drafts 200 in 173ms :: [{"id":"b0ffbc3b-f6b3-491e-ad46-68b504a0ΓÇª
12:33:19 PM [express] POST /api/preorder/upload/set-header 200 in 31899ms :: {"totalRows":142090,"preΓÇª
≡ƒôª Pre-Order Async Upload: Starting job for Adidas FW26(1).xlsx (19.47 MB)
≡ƒôï Job created: f3a15ca1-044a-46b9-8dcd-2b5638b7962f for Adidas FW26(1).xlsx
≡ƒöä Processing job f3a15ca1-044a-46b9-8dcd-2b5638b7962f: Adidas FW26(1).xlsx
≡ƒôè Job f3a15ca1-044a-46b9-8dcd-2b5638b7962f: extracting - 5% - Reading Excel file...
≡ƒôè Using streaming Excel parser for memory efficiency...
≡ƒôè Excel: using streaming parser (19.47 MB)...
12:40:51 PM [express] POST /api/preorder/upload/start 200 in 7031ms :: {"jobId":"f3a15ca1-044a-46b9-8ΓÇª
12:40:52 PM [express] GET /api/preorder/jobs/f3a15ca1-044a-46b9-8dcd-2b5638b7962f 200 in 22ms :: {"idΓÇª
12:40:53 PM [express] GET /api/preorder/jobs/f3a15ca1-044a-46b9-8dcd-2b5638b7962f 200 in 29ms :: {"idΓÇª
≡ƒôè Job f3a15ca1-044a-46b9-8dcd-2b5638b7962f: extracting - 6% - Reading rows... 2,722 read
≡ƒôè Job f3a15ca1-044a-46b9-8dcd-2b5638b7962f: extracting - 8% - Reading rows... 5,444 read
12:40:54 PM [express] GET /api/preorder/jobs/f3a15ca1-044a-46b9-8dcd-2b5638b7962f 200 in 30ms :: {"idΓÇª
≡ƒôè Job f3a15ca1-044a-46b9-8dcd-2b5638b7962f: extracting - 10% - Reading rows... 8,166 read
≡ƒôè Job f3a15ca1-044a-46b9-8dcd-2b5638b7962f: extracting - 11% - Reading rows... 10,888 read
≡ƒôè Job f3a15ca1-044a-46b9-8dcd-2b5638b7962f: extracting - 13% - Reading rows... 13,610 read
≡ƒôè Job f3a15ca1-044a-46b9-8dcd-2b5638b7962f: extracting - 15% - Reading rows... 16,332 read
12:40:55 PM [express] GET /api/preorder/jobs/f3a15ca1-044a-46b9-8dcd-2b5638b7962f 200 in 31ms :: {"idΓÇª
≡ƒôè Job f3a15ca1-044a-46b9-8dcd-2b5638b7962f: extracting - 16% - Reading rows... 19,054 read
≡ƒôè Job f3a15ca1-044a-46b9-8dcd-2b5638b7962f: extracting - 18% - Reading rows... 21,776 read
≡ƒôè Job f3a15ca1-044a-46b9-8dcd-2b5638b7962f: extracting - 20% - Reading rows... 24,498 read
12:40:56 PM [express] GET /api/preorder/jobs/f3a15ca1-044a-46b9-8dcd-2b5638b7962f 200 in 30ms :: {"idΓÇª
≡ƒôè Job f3a15ca1-044a-46b9-8dcd-2b5638b7962f: extracting - 21% - Reading rows... 27,220 read
≡ƒôè Job f3a15ca1-044a-46b9-8dcd-2b5638b7962f: extracting - 23% - Reading rows... 29,942 read
≡ƒôè Job f3a15ca1-044a-46b9-8dcd-2b5638b7962f: extracting - 25% - Reading rows... 32,664 read
≡ƒôè Job f3a15ca1-044a-46b9-8dcd-2b5638b7962f: extracting - 27% - Reading rows... 35,386 read
12:40:57 PM [express] GET /api/preorder/jobs/f3a15ca1-044a-46b9-8dcd-2b5638b7962f 200 in 30ms :: {"idΓÇª
≡ƒôè Job f3a15ca1-044a-46b9-8dcd-2b5638b7962f: extracting - 28% - Reading rows... 38,108 read
≡ƒôè Job f3a15ca1-044a-46b9-8dcd-2b5638b7962f: extracting - 30% - Reading rows... 40,830 read
≡ƒôè Job f3a15ca1-044a-46b9-8dcd-2b5638b7962f: extracting - 32% - Reading rows... 43,552 read
≡ƒôè Job f3a15ca1-044a-46b9-8dcd-2b5638b7962f: extracting - 33% - Reading rows... 46,274 read
12:40:58 PM [express] GET /api/preorder/jobs/f3a15ca1-044a-46b9-8dcd-2b5638b7962f 200 in 29ms :: {"idΓÇª
≡ƒôè Job f3a15ca1-044a-46b9-8dcd-2b5638b7962f: extracting - 35% - Reading rows... 48,996 read
≡ƒôè Job f3a15ca1-044a-46b9-8dcd-2b5638b7962f: extracting - 37% - Reading rows... 51,718 read
≡ƒôè Job f3a15ca1-044a-46b9-8dcd-2b5638b7962f: extracting - 38% - Reading rows... 54,440 read
12:40:59 PM [express] GET /api/preorder/jobs/f3a15ca1-044a-46b9-8dcd-2b5638b7962f 200 in 29ms :: {"idΓÇª
≡ƒôè Job f3a15ca1-044a-46b9-8dcd-2b5638b7962f: extracting - 40% - Reading rows... 57,162 read
≡ƒôè Job f3a15ca1-044a-46b9-8dcd-2b5638b7962f: extracting - 42% - Reading rows... 59,884 read
≡ƒôè Job f3a15ca1-044a-46b9-8dcd-2b5638b7962f: extracting - 44% - Reading rows... 62,606 read
≡ƒôè Job f3a15ca1-044a-46b9-8dcd-2b5638b7962f: extracting - 45% - Reading rows... 65,328 read
≡ƒôè Job f3a15ca1-044a-46b9-8dcd-2b5638b7962f: extracting - 47% - Reading rows... 68,050 read
12:41:01 PM [express] GET /api/preorder/jobs/f3a15ca1-044a-46b9-8dcd-2b5638b7962f 200 in 30ms :: {"idΓÇª
≡ƒôè Job f3a15ca1-044a-46b9-8dcd-2b5638b7962f: extracting - 49% - Reading rows... 70,772 read
≡ƒôè Job f3a15ca1-044a-46b9-8dcd-2b5638b7962f: extracting - 50% - Reading rows... 73,494 read
≡ƒôè Job f3a15ca1-044a-46b9-8dcd-2b5638b7962f: extracting - 52% - Reading rows... 76,216 read
12:41:02 PM [express] GET /api/preorder/jobs/f3a15ca1-044a-46b9-8dcd-2b5638b7962f 200 in 47ms :: {"idΓÇª
≡ƒôè Job f3a15ca1-044a-46b9-8dcd-2b5638b7962f: extracting - 54% - Reading rows... 78,938 read
12:41:03 PM [express] GET /api/preorder/jobs/f3a15ca1-044a-46b9-8dcd-2b5638b7962f 200 in 36ms :: {"idΓÇª
≡ƒôè Job f3a15ca1-044a-46b9-8dcd-2b5638b7962f: extracting - 55% - Reading rows... 81,660 read
≡ƒôè Job f3a15ca1-044a-46b9-8dcd-2b5638b7962f: extracting - 57% - Reading rows... 84,382 read
12:41:04 PM [express] GET /api/preorder/jobs/f3a15ca1-044a-46b9-8dcd-2b5638b7962f 200 in 197ms :: {"iΓÇª
12:41:05 PM [express] GET /api/preorder/jobs/f3a15ca1-044a-46b9-8dcd-2b5638b7962f 200 in 47ms :: {"idΓÇª
≡ƒôè Job f3a15ca1-044a-46b9-8dcd-2b5638b7962f: extracting - 59% - Reading rows... 87,104 read
≡ƒôè Job f3a15ca1-044a-46b9-8dcd-2b5638b7962f: extracting - 61% - Reading rows... 89,826 read
12:41:06 PM [express] GET /api/preorder/jobs/f3a15ca1-044a-46b9-8dcd-2b5638b7962f 200 in 39ms :: {"idΓÇª
≡ƒôè Job f3a15ca1-044a-46b9-8dcd-2b5638b7962f: extracting - 62% - Reading rows... 92,548 read
12:41:07 PM [express] GET /api/preorder/jobs/f3a15ca1-044a-46b9-8dcd-2b5638b7962f 200 in 67ms :: {"idΓÇª
≡ƒôè Job f3a15ca1-044a-46b9-8dcd-2b5638b7962f: extracting - 64% - Reading rows... 95,270 read
12:41:08 PM [express] GET /api/preorder/jobs/f3a15ca1-044a-46b9-8dcd-2b5638b7962f 200 in 45ms :: {"idΓÇª
≡ƒôè Job f3a15ca1-044a-46b9-8dcd-2b5638b7962f: extracting - 66% - Reading rows... 97,992 read
12:41:09 PM [express] GET /api/preorder/jobs/f3a15ca1-044a-46b9-8dcd-2b5638b7962f 200 in 55ms :: {"idΓÇª
12:41:09 PM [express] GET /api/preorder/jobs/f3a15ca1-044a-46b9-8dcd-2b5638b7962f 200 in 46ms :: {"idΓÇª
≡ƒôè Job f3a15ca1-044a-46b9-8dcd-2b5638b7962f: extracting - 67% - Reading rows... 100,714 read
12:41:11 PM [express] GET /api/preorder/jobs/f3a15ca1-044a-46b9-8dcd-2b5638b7962f 200 in 62ms :: {"idΓÇª
12:41:12 PM [express] GET /api/preorder/jobs/f3a15ca1-044a-46b9-8dcd-2b5638b7962f 200 in 166ms :: {"iΓÇª
12:41:12 PM [express] GET /api/brands 200 in 458ms :: [{"id":"6bb7431b-5ede-43ad-a6f7-bd200c4bf44e","ΓÇª
12:41:12 PM [express] GET /api/exchange-rates 200 in 502ms :: [{"id":"af90a119-2eae-4f71-97ad-4a61b18ΓÇª
12:41:12 PM [express] GET /api/site-settings/heroImage 200 in 506ms :: {"key":"heroImage","value":"htΓÇª
12:41:12 PM [express] GET /api/currencies 200 in 547ms :: [{"id":"49f371ad-1f9e-4abd-927d-fb8f129f1e1ΓÇª
≡ƒôè Job f3a15ca1-044a-46b9-8dcd-2b5638b7962f: extracting - 69% - Reading rows... 103,436 read
12:41:12 PM [express] GET /api/auth/user 200 in 751ms :: {"id":"d97ed484-de4b-4d4f-98ac-98792b65b326"ΓÇª
12:41:12 PM [express] GET /api/preorder/jobs/f3a15ca1-044a-46b9-8dcd-2b5638b7962f 200 in 64ms :: {"idΓÇª
12:41:13 PM [express] GET /api/orders/drafts 200 in 262ms :: [{"id":"b0ffbc3b-f6b3-491e-ad46-68b504a0ΓÇª
Creating order with orderType: {
  providedOrderType: 'regular',
  parsedOrderType: 'regular',
  finalOrderType: 'regular',
  itemsCount: 0,
  isPreOrder: false
}
Order created: {
  id: '714da9c9-d577-4473-8aeb-6dbc1d73e443',
  orderType: 'regular',
  finalOrderType: 'regular',
  nickname: 'Basic Cart'
}
12:41:13 PM [express] POST /api/orders 200 in 153ms :: {"id":"714da9c9-d577-4473-8aeb-6dbc1d73e443","ΓÇª
12:41:13 PM [express] GET /api/preorder/jobs/f3a15ca1-044a-46b9-8dcd-2b5638b7962f 200 in 35ms :: {"idΓÇª
≡ƒôè Job f3a15ca1-044a-46b9-8dcd-2b5638b7962f: extracting - 71% - Reading rows... 106,158 read
12:41:13 PM [express] GET /api/orders/drafts 200 in 182ms :: [{"id":"714da9c9-d577-4473-8aeb-6dbc1d73ΓÇª
≡ƒôè Job f3a15ca1-044a-46b9-8dcd-2b5638b7962f: extracting - 72% - Reading rows... 108,880 read
12:41:14 PM [express] GET /api/preorder/jobs/f3a15ca1-044a-46b9-8dcd-2b5638b7962f 200 in 30ms :: {"idΓÇª
≡ƒôè Job f3a15ca1-044a-46b9-8dcd-2b5638b7962f: extracting - 74% - Reading rows... 111,602 read
≡ƒôè Job f3a15ca1-044a-46b9-8dcd-2b5638b7962f: extracting - 76% - Reading rows... 114,324 read
≡ƒôè Job f3a15ca1-044a-46b9-8dcd-2b5638b7962f: extracting - 78% - Reading rows... 117,046 read
12:41:15 PM [express] GET /api/preorder/jobs/f3a15ca1-044a-46b9-8dcd-2b5638b7962f 200 in 36ms :: {"idΓÇª
≡ƒôè Job f3a15ca1-044a-46b9-8dcd-2b5638b7962f: extracting - 79% - Reading rows... 119,768 read
≡ƒôè Job f3a15ca1-044a-46b9-8dcd-2b5638b7962f: extracting - 81% - Reading rows... 122,490 read
12:41:16 PM [express] GET /api/preorder/jobs/f3a15ca1-044a-46b9-8dcd-2b5638b7962f 200 in 36ms :: {"idΓÇª
≡ƒôè Job f3a15ca1-044a-46b9-8dcd-2b5638b7962f: extracting - 83% - Reading rows... 125,212 read
≡ƒôè Job f3a15ca1-044a-46b9-8dcd-2b5638b7962f: extracting - 84% - Reading rows... 127,934 read
≡ƒôè Job f3a15ca1-044a-46b9-8dcd-2b5638b7962f: extracting - 86% - Reading rows... 130,656 read
≡ƒôè Job f3a15ca1-044a-46b9-8dcd-2b5638b7962f: extracting - 88% - Reading rows... 133,378 read
12:41:17 PM [express] GET /api/preorder/jobs/f3a15ca1-044a-46b9-8dcd-2b5638b7962f 200 in 29ms :: {"idΓÇª
≡ƒôè Job f3a15ca1-044a-46b9-8dcd-2b5638b7962f: extracting - 89% - Reading rows... 136,100 read
≡ƒôè Job f3a15ca1-044a-46b9-8dcd-2b5638b7962f: extracting - 90% - Reading rows... 138,822 read
≡ƒôè Job f3a15ca1-044a-46b9-8dcd-2b5638b7962f: extracting - 90% - Found 142,091 rows
≡ƒôè Streaming read complete: 142091 rows, 50 preview rows
≡ƒôè Excel: 142091 rows, preview: 50 rows, images: -1
≡ƒôè Job f3a15ca1-044a-46b9-8dcd-2b5638b7962f: extracting - 92% - Found 142,091 rows. Detecting images...
≡ƒôè Job f3a15ca1-044a-46b9-8dcd-2b5638b7962f: building-preview - 95% - Saving preview data...
Γ£à Job f3a15ca1-044a-46b9-8dcd-2b5638b7962f completing: tempDataId=preorder_1771850478395_uqqjj, rows=142091, detectedImages=-1
Γ£à Job f3a15ca1-044a-46b9-8dcd-2b5638b7962f completed
≡ƒÄë Job f3a15ca1-044a-46b9-8dcd-2b5638b7962f marked complete
12:41:18 PM [express] GET /api/preorder/jobs/f3a15ca1-044a-46b9-8dcd-2b5638b7962f 200 in 22ms :: {"idΓÇª
≡ƒôû Set-Header: Streaming from original file (142091 total rows)
≡ƒôè Streaming Excel in 1000-row chunks (19.47 MB)...
12:41:40 PM [express] POST /api/preorder/upload/set-header 200 in 21929ms :: {"totalRows":142090,"preΓÇª
Error analyzing UPCs: ReferenceError: upcSet is not defined
    at <anonymous> (C:\Users\eyad\Desktop\ShoeStockPro90Perprod030226\ShoeStockPro90Perprod030226\server\routes.ts:7440:13)
    at process.processTicksAndRejections (node:internal/process/task_queues:103:5)
12:49:22 PM [express] POST /api/preorder/analyze 500 in 89ms :: {"message":"Failed to analyze UPCs"}
Error analyzing UPCs: ReferenceError: upcSet is not defined
    at <anonymous> (C:\Users\eyad\Desktop\ShoeStockPro90Perprod030226\ShoeStockPro90Perprod030226\server\routes.ts:7440:13)
    at process.processTicksAndRejections (node:internal/process/task_queues:103:5)
12:50:07 PM [express] POST /api/preorder/analyze 500 in 28ms :: {"message":"Failed to analyze UPCs"}
12:50:20 PM [express] GET /api/currencies 304 in 127ms :: [{"id":"49f371ad-1f9e-4abd-927d-fb8f129f1e1ΓÇª
12:50:20 PM [express] GET /api/exchange-rates 304 in 136ms :: [{"id":"af90a119-2eae-4f71-97ad-4a61b18ΓÇª
12:50:20 PM [express] GET /api/auth/user 304 in 160ms :: {"id":"d97ed484-de4b-4d4f-98ac-98792b65b326"ΓÇª
12:50:20 PM [express] GET /api/orders/drafts 200 in 120ms :: [{"id":"714da9c9-d577-4473-8aeb-6dbc1d73ΓÇª
12:50:35 PM [express] GET /api/currencies 304 in 102ms :: [{"id":"49f371ad-1f9e-4abd-927d-fb8f129f1e1ΓÇª
12:50:35 PM [express] GET /api/exchange-rates 304 in 100ms :: [{"id":"af90a119-2eae-4f71-97ad-4a61b18ΓÇª
12:50:35 PM [express] GET /api/auth/user 304 in 178ms :: {"id":"d97ed484-de4b-4d4f-98ac-98792b65b326"ΓÇª
12:50:35 PM [express] GET /api/orders/drafts 200 in 113ms :: [{"id":"714da9c9-d577-4473-8aeb-6dbc1d73ΓÇª
12:50:38 PM [express] POST /api/preorder/upload/set-header 400 in 24ms :: {"message":"Original file nΓÇª
12:50:38 PM [express] GET /api/brands 304 in 59ms :: [{"id":"6bb7431b-5ede-43ad-a6f7-bd200c4bf44e","nΓÇª
12:50:38 PM [express] GET /api/size-charts 304 in 76ms :: [{"id":"31248b92-b74f-44e6-a989-be15911a8e6ΓÇª
12:50:49 PM [express] GET /api/brands 304 in 93ms :: [{"id":"6bb7431b-5ede-43ad-a6f7-bd200c4bf44e","nΓÇª
12:50:49 PM [express] GET /api/size-charts 304 in 116ms :: [{"id":"31248b92-b74f-44e6-a989-be15911a8eΓÇª
≡ƒôª Pre-Order Async Upload: Starting job for Adidas FW26(1).xlsx (19.47 MB)
≡ƒôï Job created: 44ee3540-14c5-416b-b6f1-02321485d486 for Adidas FW26(1).xlsx
≡ƒöä Processing job 44ee3540-14c5-416b-b6f1-02321485d486: Adidas FW26(1).xlsx
≡ƒôè Job 44ee3540-14c5-416b-b6f1-02321485d486: extracting - 5% - Reading Excel file...
≡ƒôè Using streaming Excel parser for memory efficiency...
≡ƒôè Excel: using streaming parser (19.47 MB)...
12:51:20 PM [express] POST /api/preorder/upload/start 200 in 18141ms :: {"jobId":"44ee3540-14c5-416b-ΓÇª
12:51:22 PM [express] GET /api/preorder/jobs/44ee3540-14c5-416b-b6f1-02321485d486 200 in 24ms :: {"idΓÇª
12:51:23 PM [express] GET /api/preorder/jobs/44ee3540-14c5-416b-b6f1-02321485d486 200 in 37ms :: {"idΓÇª
≡ƒôè Job 44ee3540-14c5-416b-b6f1-02321485d486: extracting - 6% - Reading rows... 2,722 read
≡ƒôè Job 44ee3540-14c5-416b-b6f1-02321485d486: extracting - 8% - Reading rows... 5,444 read
≡ƒôè Job 44ee3540-14c5-416b-b6f1-02321485d486: extracting - 10% - Reading rows... 8,166 read
12:51:23 PM [express] GET /api/preorder/jobs/44ee3540-14c5-416b-b6f1-02321485d486 200 in 27ms :: {"idΓÇª
≡ƒôè Job 44ee3540-14c5-416b-b6f1-02321485d486: extracting - 11% - Reading rows... 10,888 read
≡ƒôè Job 44ee3540-14c5-416b-b6f1-02321485d486: extracting - 13% - Reading rows... 13,610 read
≡ƒôè Job 44ee3540-14c5-416b-b6f1-02321485d486: extracting - 15% - Reading rows... 16,332 read
12:51:24 PM [express] GET /api/preorder/jobs/44ee3540-14c5-416b-b6f1-02321485d486 200 in 26ms :: {"idΓÇª
≡ƒôè Job 44ee3540-14c5-416b-b6f1-02321485d486: extracting - 16% - Reading rows... 19,054 read
≡ƒôè Job 44ee3540-14c5-416b-b6f1-02321485d486: extracting - 18% - Reading rows... 21,776 read
≡ƒôè Job 44ee3540-14c5-416b-b6f1-02321485d486: extracting - 20% - Reading rows... 24,498 read
≡ƒôè Job 44ee3540-14c5-416b-b6f1-02321485d486: extracting - 21% - Reading rows... 27,220 read
12:51:26 PM [express] GET /api/preorder/jobs/44ee3540-14c5-416b-b6f1-02321485d486 200 in 28ms :: {"idΓÇª
≡ƒôè Job 44ee3540-14c5-416b-b6f1-02321485d486: extracting - 23% - Reading rows... 29,942 read
≡ƒôè Job 44ee3540-14c5-416b-b6f1-02321485d486: extracting - 25% - Reading rows... 32,664 read
≡ƒôè Job 44ee3540-14c5-416b-b6f1-02321485d486: extracting - 27% - Reading rows... 35,386 read
12:51:26 PM [express] GET /api/preorder/jobs/44ee3540-14c5-416b-b6f1-02321485d486 200 in 26ms :: {"idΓÇª
≡ƒôè Job 44ee3540-14c5-416b-b6f1-02321485d486: extracting - 28% - Reading rows... 38,108 read
≡ƒôè Job 44ee3540-14c5-416b-b6f1-02321485d486: extracting - 30% - Reading rows... 40,830 read
≡ƒôè Job 44ee3540-14c5-416b-b6f1-02321485d486: extracting - 32% - Reading rows... 43,552 read
12:51:27 PM [express] GET /api/preorder/jobs/44ee3540-14c5-416b-b6f1-02321485d486 200 in 26ms :: {"idΓÇª
≡ƒôè Job 44ee3540-14c5-416b-b6f1-02321485d486: extracting - 33% - Reading rows... 46,274 read
≡ƒôè Job 44ee3540-14c5-416b-b6f1-02321485d486: extracting - 35% - Reading rows... 48,996 read
≡ƒôè Job 44ee3540-14c5-416b-b6f1-02321485d486: extracting - 37% - Reading rows... 51,718 read
≡ƒôè Job 44ee3540-14c5-416b-b6f1-02321485d486: extracting - 38% - Reading rows... 54,440 read
12:51:29 PM [express] GET /api/preorder/jobs/44ee3540-14c5-416b-b6f1-02321485d486 200 in 30ms :: {"idΓÇª
≡ƒôè Job 44ee3540-14c5-416b-b6f1-02321485d486: extracting - 40% - Reading rows... 57,162 read
≡ƒôè Job 44ee3540-14c5-416b-b6f1-02321485d486: extracting - 42% - Reading rows... 59,884 read
≡ƒôè Job 44ee3540-14c5-416b-b6f1-02321485d486: extracting - 44% - Reading rows... 62,606 read
12:51:30 PM [express] GET /api/preorder/jobs/44ee3540-14c5-416b-b6f1-02321485d486 200 in 34ms :: {"idΓÇª
≡ƒôè Job 44ee3540-14c5-416b-b6f1-02321485d486: extracting - 45% - Reading rows... 65,328 read
≡ƒôè Job 44ee3540-14c5-416b-b6f1-02321485d486: extracting - 47% - Reading rows... 68,050 read
≡ƒôè Job 44ee3540-14c5-416b-b6f1-02321485d486: extracting - 49% - Reading rows... 70,772 read
≡ƒôè Job 44ee3540-14c5-416b-b6f1-02321485d486: extracting - 50% - Reading rows... 73,494 read
12:51:30 PM [express] GET /api/preorder/jobs/44ee3540-14c5-416b-b6f1-02321485d486 200 in 29ms :: {"idΓÇª
≡ƒôè Job 44ee3540-14c5-416b-b6f1-02321485d486: extracting - 52% - Reading rows... 76,216 read
≡ƒôè Job 44ee3540-14c5-416b-b6f1-02321485d486: extracting - 54% - Reading rows... 78,938 read
≡ƒôè Job 44ee3540-14c5-416b-b6f1-02321485d486: extracting - 55% - Reading rows... 81,660 read
12:51:31 PM [express] GET /api/preorder/jobs/44ee3540-14c5-416b-b6f1-02321485d486 200 in 27ms :: {"idΓÇª
≡ƒôè Job 44ee3540-14c5-416b-b6f1-02321485d486: extracting - 57% - Reading rows... 84,382 read
≡ƒôè Job 44ee3540-14c5-416b-b6f1-02321485d486: extracting - 59% - Reading rows... 87,104 read
≡ƒôè Job 44ee3540-14c5-416b-b6f1-02321485d486: extracting - 61% - Reading rows... 89,826 read
≡ƒôè Job 44ee3540-14c5-416b-b6f1-02321485d486: extracting - 62% - Reading rows... 92,548 read
12:51:32 PM [express] GET /api/preorder/jobs/44ee3540-14c5-416b-b6f1-02321485d486 200 in 27ms :: {"idΓÇª
≡ƒôè Job 44ee3540-14c5-416b-b6f1-02321485d486: extracting - 64% - Reading rows... 95,270 read
≡ƒôè Job 44ee3540-14c5-416b-b6f1-02321485d486: extracting - 66% - Reading rows... 97,992 read
≡ƒôè Job 44ee3540-14c5-416b-b6f1-02321485d486: extracting - 67% - Reading rows... 100,714 read
12:51:33 PM [express] GET /api/preorder/jobs/44ee3540-14c5-416b-b6f1-02321485d486 200 in 25ms :: {"idΓÇª
≡ƒôè Job 44ee3540-14c5-416b-b6f1-02321485d486: extracting - 69% - Reading rows... 103,436 read
≡ƒôè Job 44ee3540-14c5-416b-b6f1-02321485d486: extracting - 71% - Reading rows... 106,158 read
≡ƒôè Job 44ee3540-14c5-416b-b6f1-02321485d486: extracting - 72% - Reading rows... 108,880 read
≡ƒôè Job 44ee3540-14c5-416b-b6f1-02321485d486: extracting - 74% - Reading rows... 111,602 read
12:51:35 PM [express] GET /api/preorder/jobs/44ee3540-14c5-416b-b6f1-02321485d486 200 in 30ms :: {"idΓÇª
≡ƒôè Job 44ee3540-14c5-416b-b6f1-02321485d486: extracting - 76% - Reading rows... 114,324 read
≡ƒôè Job 44ee3540-14c5-416b-b6f1-02321485d486: extracting - 78% - Reading rows... 117,046 read
≡ƒôè Job 44ee3540-14c5-416b-b6f1-02321485d486: extracting - 79% - Reading rows... 119,768 read
12:51:35 PM [express] GET /api/preorder/jobs/44ee3540-14c5-416b-b6f1-02321485d486 200 in 25ms :: {"idΓÇª
≡ƒôè Job 44ee3540-14c5-416b-b6f1-02321485d486: extracting - 81% - Reading rows... 122,490 read
≡ƒôè Job 44ee3540-14c5-416b-b6f1-02321485d486: extracting - 83% - Reading rows... 125,212 read
≡ƒôè Job 44ee3540-14c5-416b-b6f1-02321485d486: extracting - 84% - Reading rows... 127,934 read
12:51:36 PM [express] GET /api/preorder/jobs/44ee3540-14c5-416b-b6f1-02321485d486 200 in 25ms :: {"idΓÇª
≡ƒôè Job 44ee3540-14c5-416b-b6f1-02321485d486: extracting - 86% - Reading rows... 130,656 read
≡ƒôè Job 44ee3540-14c5-416b-b6f1-02321485d486: extracting - 88% - Reading rows... 133,378 read
≡ƒôè Job 44ee3540-14c5-416b-b6f1-02321485d486: extracting - 89% - Reading rows... 136,100 read
12:51:38 PM [express] GET /api/preorder/jobs/44ee3540-14c5-416b-b6f1-02321485d486 200 in 26ms :: {"idΓÇª
≡ƒôè Job 44ee3540-14c5-416b-b6f1-02321485d486: extracting - 90% - Reading rows... 138,822 read
≡ƒôè Job 44ee3540-14c5-416b-b6f1-02321485d486: extracting - 90% - Found 142,091 rows
≡ƒôè Streaming read complete: 142091 rows, 50 preview rows
≡ƒôè Excel: 142091 rows, preview: 50 rows, images: -1
≡ƒôè Job 44ee3540-14c5-416b-b6f1-02321485d486: extracting - 92% - Found 142,091 rows. Detecting images...
≡ƒôè Job 44ee3540-14c5-416b-b6f1-02321485d486: building-preview - 95% - Saving preview data...
Γ£à Job 44ee3540-14c5-416b-b6f1-02321485d486 completing: tempDataId=preorder_1771851098428_4c1id8, rows=142091, detectedImages=-1
Γ£à Job 44ee3540-14c5-416b-b6f1-02321485d486 completed
≡ƒÄë Job 44ee3540-14c5-416b-b6f1-02321485d486 marked complete
12:51:38 PM [express] GET /api/preorder/jobs/44ee3540-14c5-416b-b6f1-02321485d486 200 in 21ms :: {"idΓÇª
≡ƒôû Set-Header: Streaming from original file (142091 total rows)
≡ƒôè Streaming Excel in 1000-row chunks (19.47 MB)...
12:52:02 PM [express] POST /api/preorder/upload/set-header 200 in 23127ms :: {"totalRows":142090,"preΓÇª
Error analyzing UPCs: ReferenceError: upcSet is not defined
    at <anonymous> (C:\Users\eyad\Desktop\ShoeStockPro90Perprod030226\ShoeStockPro90Perprod030226\server\routes.ts:7440:13)
    at process.processTicksAndRejections (node:internal/process/task_queues:103:5)
12:53:39 PM [express] POST /api/preorder/analyze 500 in 38ms :: {"message":"Failed to analyze UPCs"}
≡ƒôª Pre-Order Async Upload: Starting job for Adidas FW26(1) - Copy.xlsx (21.13 MB)
≡ƒôï Job created: 16daffdc-e421-4cf3-9572-2bbd38a13f7b for Adidas FW26(1) - Copy.xlsx
≡ƒöä Processing job 16daffdc-e421-4cf3-9572-2bbd38a13f7b: Adidas FW26(1) - Copy.xlsx
≡ƒôè Job 16daffdc-e421-4cf3-9572-2bbd38a13f7b: extracting - 5% - Reading Excel file...
≡ƒôè Using streaming Excel parser for memory efficiency...
≡ƒôè Excel: using streaming parser (21.13 MB)...
12:54:00 PM [express] POST /api/preorder/upload/start 200 in 1373ms :: {"jobId":"16daffdc-e421-4cf3-9ΓÇª
12:54:01 PM [express] GET /api/preorder/jobs/16daffdc-e421-4cf3-9572-2bbd38a13f7b 200 in 22ms :: {"idΓÇª
12:54:02 PM [express] GET /api/preorder/jobs/16daffdc-e421-4cf3-9572-2bbd38a13f7b 200 in 23ms :: {"idΓÇª
12:54:03 PM [express] GET /api/preorder/jobs/16daffdc-e421-4cf3-9572-2bbd38a13f7b 200 in 23ms :: {"idΓÇª
≡ƒôè Job 16daffdc-e421-4cf3-9572-2bbd38a13f7b: extracting - 6% - Reading rows... 2,954 read
12:54:04 PM [express] GET /api/preorder/jobs/16daffdc-e421-4cf3-9572-2bbd38a13f7b 200 in 36ms :: {"idΓÇª
≡ƒôè Job 16daffdc-e421-4cf3-9572-2bbd38a13f7b: extracting - 8% - Reading rows... 5,908 read
≡ƒôè Job 16daffdc-e421-4cf3-9572-2bbd38a13f7b: extracting - 10% - Reading rows... 8,862 read
12:54:05 PM [express] GET /api/preorder/jobs/16daffdc-e421-4cf3-9572-2bbd38a13f7b 200 in 35ms :: {"idΓÇª
≡ƒôè Job 16daffdc-e421-4cf3-9572-2bbd38a13f7b: extracting - 11% - Reading rows... 11,816 read
≡ƒôè Job 16daffdc-e421-4cf3-9572-2bbd38a13f7b: extracting - 13% - Reading rows... 14,770 read
12:54:06 PM [express] GET /api/preorder/jobs/16daffdc-e421-4cf3-9572-2bbd38a13f7b 200 in 29ms :: {"idΓÇª
≡ƒôè Job 16daffdc-e421-4cf3-9572-2bbd38a13f7b: extracting - 15% - Reading rows... 17,724 read
12:54:07 PM [express] GET /api/preorder/jobs/16daffdc-e421-4cf3-9572-2bbd38a13f7b 200 in 31ms :: {"idΓÇª
≡ƒôè Job 16daffdc-e421-4cf3-9572-2bbd38a13f7b: extracting - 16% - Reading rows... 20,678 read
≡ƒôè Job 16daffdc-e421-4cf3-9572-2bbd38a13f7b: extracting - 18% - Reading rows... 23,632 read
12:54:08 PM [express] GET /api/preorder/jobs/16daffdc-e421-4cf3-9572-2bbd38a13f7b 200 in 33ms :: {"idΓÇª
≡ƒôè Job 16daffdc-e421-4cf3-9572-2bbd38a13f7b: extracting - 20% - Reading rows... 26,586 read
≡ƒôè Job 16daffdc-e421-4cf3-9572-2bbd38a13f7b: extracting - 21% - Reading rows... 29,540 read
12:54:09 PM [express] GET /api/preorder/jobs/16daffdc-e421-4cf3-9572-2bbd38a13f7b 200 in 31ms :: {"idΓÇª
≡ƒôè Job 16daffdc-e421-4cf3-9572-2bbd38a13f7b: extracting - 23% - Reading rows... 32,494 read
≡ƒôè Job 16daffdc-e421-4cf3-9572-2bbd38a13f7b: extracting - 25% - Reading rows... 35,448 read
12:54:10 PM [express] GET /api/preorder/jobs/16daffdc-e421-4cf3-9572-2bbd38a13f7b 200 in 39ms :: {"idΓÇª
≡ƒôè Job 16daffdc-e421-4cf3-9572-2bbd38a13f7b: extracting - 27% - Reading rows... 38,402 read
≡ƒôè Job 16daffdc-e421-4cf3-9572-2bbd38a13f7b: extracting - 28% - Reading rows... 41,356 read
12:54:11 PM [express] GET /api/preorder/jobs/16daffdc-e421-4cf3-9572-2bbd38a13f7b 200 in 36ms :: {"idΓÇª
≡ƒôè Job 16daffdc-e421-4cf3-9572-2bbd38a13f7b: extracting - 30% - Reading rows... 44,310 read
≡ƒôè Job 16daffdc-e421-4cf3-9572-2bbd38a13f7b: extracting - 32% - Reading rows... 47,264 read
12:54:12 PM [express] GET /api/preorder/jobs/16daffdc-e421-4cf3-9572-2bbd38a13f7b 200 in 35ms :: {"idΓÇª
≡ƒôè Job 16daffdc-e421-4cf3-9572-2bbd38a13f7b: extracting - 33% - Reading rows... 50,218 read
≡ƒôè Job 16daffdc-e421-4cf3-9572-2bbd38a13f7b: extracting - 35% - Reading rows... 53,172 read
12:54:13 PM [express] GET /api/preorder/jobs/16daffdc-e421-4cf3-9572-2bbd38a13f7b 200 in 29ms :: {"idΓÇª
≡ƒôè Job 16daffdc-e421-4cf3-9572-2bbd38a13f7b: extracting - 37% - Reading rows... 56,126 read
≡ƒôè Job 16daffdc-e421-4cf3-9572-2bbd38a13f7b: extracting - 38% - Reading rows... 59,080 read
12:54:14 PM [express] GET /api/preorder/jobs/16daffdc-e421-4cf3-9572-2bbd38a13f7b 200 in 28ms :: {"idΓÇª
≡ƒôè Job 16daffdc-e421-4cf3-9572-2bbd38a13f7b: extracting - 40% - Reading rows... 62,034 read
≡ƒôè Job 16daffdc-e421-4cf3-9572-2bbd38a13f7b: extracting - 42% - Reading rows... 64,988 read
12:54:15 PM [express] GET /api/preorder/jobs/16daffdc-e421-4cf3-9572-2bbd38a13f7b 200 in 32ms :: {"idΓÇª
≡ƒôè Job 16daffdc-e421-4cf3-9572-2bbd38a13f7b: extracting - 44% - Reading rows... 67,942 read
≡ƒôè Job 16daffdc-e421-4cf3-9572-2bbd38a13f7b: extracting - 45% - Reading rows... 70,896 read
12:54:16 PM [express] GET /api/preorder/jobs/16daffdc-e421-4cf3-9572-2bbd38a13f7b 200 in 34ms :: {"idΓÇª
≡ƒôè Job 16daffdc-e421-4cf3-9572-2bbd38a13f7b: extracting - 47% - Reading rows... 73,850 read
≡ƒôè Job 16daffdc-e421-4cf3-9572-2bbd38a13f7b: extracting - 49% - Reading rows... 76,804 read
12:54:17 PM [express] GET /api/preorder/jobs/16daffdc-e421-4cf3-9572-2bbd38a13f7b 200 in 32ms :: {"idΓÇª
≡ƒôè Job 16daffdc-e421-4cf3-9572-2bbd38a13f7b: extracting - 50% - Reading rows... 79,758 read
≡ƒôè Job 16daffdc-e421-4cf3-9572-2bbd38a13f7b: extracting - 52% - Reading rows... 82,712 read
12:54:18 PM [express] GET /api/preorder/jobs/16daffdc-e421-4cf3-9572-2bbd38a13f7b 200 in 44ms :: {"idΓÇª
≡ƒôè Job 16daffdc-e421-4cf3-9572-2bbd38a13f7b: extracting - 54% - Reading rows... 85,666 read
≡ƒôè Job 16daffdc-e421-4cf3-9572-2bbd38a13f7b: extracting - 55% - Reading rows... 88,620 read
12:54:19 PM [express] GET /api/preorder/jobs/16daffdc-e421-4cf3-9572-2bbd38a13f7b 200 in 37ms :: {"idΓÇª
≡ƒôè Job 16daffdc-e421-4cf3-9572-2bbd38a13f7b: extracting - 57% - Reading rows... 91,574 read
≡ƒôè Job 16daffdc-e421-4cf3-9572-2bbd38a13f7b: extracting - 59% - Reading rows... 94,528 read
12:54:20 PM [express] GET /api/preorder/jobs/16daffdc-e421-4cf3-9572-2bbd38a13f7b 200 in 37ms :: {"idΓÇª
≡ƒôè Job 16daffdc-e421-4cf3-9572-2bbd38a13f7b: extracting - 61% - Reading rows... 97,482 read
≡ƒôè Job 16daffdc-e421-4cf3-9572-2bbd38a13f7b: extracting - 62% - Reading rows... 100,436 read
12:54:21 PM [express] GET /api/preorder/jobs/16daffdc-e421-4cf3-9572-2bbd38a13f7b 200 in 34ms :: {"idΓÇª
≡ƒôè Job 16daffdc-e421-4cf3-9572-2bbd38a13f7b: extracting - 64% - Reading rows... 103,390 read
≡ƒôè Job 16daffdc-e421-4cf3-9572-2bbd38a13f7b: extracting - 66% - Reading rows... 106,344 read
12:54:22 PM [express] GET /api/preorder/jobs/16daffdc-e421-4cf3-9572-2bbd38a13f7b 200 in 33ms :: {"idΓÇª
≡ƒôè Job 16daffdc-e421-4cf3-9572-2bbd38a13f7b: extracting - 67% - Reading rows... 109,298 read
≡ƒôè Job 16daffdc-e421-4cf3-9572-2bbd38a13f7b: extracting - 69% - Reading rows... 112,252 read
12:54:23 PM [express] GET /api/preorder/jobs/16daffdc-e421-4cf3-9572-2bbd38a13f7b 200 in 36ms :: {"idΓÇª
≡ƒôè Job 16daffdc-e421-4cf3-9572-2bbd38a13f7b: extracting - 71% - Reading rows... 115,206 read
≡ƒôè Job 16daffdc-e421-4cf3-9572-2bbd38a13f7b: extracting - 72% - Reading rows... 118,160 read
12:54:24 PM [express] GET /api/preorder/jobs/16daffdc-e421-4cf3-9572-2bbd38a13f7b 200 in 27ms :: {"idΓÇª
≡ƒôè Job 16daffdc-e421-4cf3-9572-2bbd38a13f7b: extracting - 74% - Reading rows... 121,114 read
≡ƒôè Job 16daffdc-e421-4cf3-9572-2bbd38a13f7b: extracting - 76% - Reading rows... 124,068 read
12:54:25 PM [express] GET /api/preorder/jobs/16daffdc-e421-4cf3-9572-2bbd38a13f7b 200 in 27ms :: {"idΓÇª
≡ƒôè Job 16daffdc-e421-4cf3-9572-2bbd38a13f7b: extracting - 78% - Reading rows... 127,022 read
≡ƒôè Job 16daffdc-e421-4cf3-9572-2bbd38a13f7b: extracting - 79% - Reading rows... 129,976 read
12:54:26 PM [express] GET /api/preorder/jobs/16daffdc-e421-4cf3-9572-2bbd38a13f7b 200 in 28ms :: {"idΓÇª
≡ƒôè Job 16daffdc-e421-4cf3-9572-2bbd38a13f7b: extracting - 81% - Reading rows... 132,930 read
≡ƒôè Job 16daffdc-e421-4cf3-9572-2bbd38a13f7b: extracting - 83% - Reading rows... 135,884 read
12:54:27 PM [express] GET /api/preorder/jobs/16daffdc-e421-4cf3-9572-2bbd38a13f7b 200 in 29ms :: {"idΓÇª
≡ƒôè Job 16daffdc-e421-4cf3-9572-2bbd38a13f7b: extracting - 84% - Reading rows... 138,838 read
≡ƒôè Job 16daffdc-e421-4cf3-9572-2bbd38a13f7b: extracting - 86% - Reading rows... 141,792 read
≡ƒôè Job 16daffdc-e421-4cf3-9572-2bbd38a13f7b: extracting - 90% - Found 142,091 rows
≡ƒôè Streaming read complete: 142091 rows, 50 preview rows
≡ƒôè Excel: 142091 rows, preview: 50 rows, images: -1
≡ƒôè Job 16daffdc-e421-4cf3-9572-2bbd38a13f7b: extracting - 92% - Found 142,091 rows. Detecting images...
≡ƒôè Job 16daffdc-e421-4cf3-9572-2bbd38a13f7b: building-preview - 95% - Saving preview data...
Γ£à Job 16daffdc-e421-4cf3-9572-2bbd38a13f7b completing: tempDataId=preorder_1771851267910_ewazn6, rows=142091, detectedImages=-1
Γ£à Job 16daffdc-e421-4cf3-9572-2bbd38a13f7b completed
≡ƒÄë Job 16daffdc-e421-4cf3-9572-2bbd38a13f7b marked complete
12:54:28 PM [express] GET /api/preorder/jobs/16daffdc-e421-4cf3-9572-2bbd38a13f7b 200 in 23ms :: {"idΓÇª
≡ƒôû Set-Header: Streaming from original file (142091 total rows)
≡ƒôè Streaming Excel in 1000-row chunks (21.13 MB)...
12:55:01 PM [express] POST /api/preorder/upload/set-header 200 in 32965ms :: {"totalRows":142090,"preΓÇª
Error analyzing UPCs: ReferenceError: upcSet is not defined
    at <anonymous> (C:\Users\eyad\Desktop\ShoeStockPro90Perprod030226\ShoeStockPro90Perprod030226\server\routes.ts:7440:13)
    at process.processTicksAndRejections (node:internal/process/task_queues:103:5)
12:57:20 PM [express] POST /api/preorder/analyze 500 in 42ms :: {"message":"Failed to analyze UPCs"}
